This is XeTeX, Version 3.14159265-2.6-0.99992 (TeX Live 2015/dev/Debian) (preloaded format=xelatex 2017.8.8)  12 JAN 2018 18:23
entering extended mode
 restricted \write18 enabled.
 %&-line parsing enabled.
**book_utf8.tex
(./book_utf8.tex
LaTeX2e <2014/05/01>
Babel <3.9l> and hyphenation patterns for 11 languages loaded.
(/usr/share/texlive/texmf-dist/tex/latex/amscls/amsart.cls
Document Class: amsart 2009/07/02 v2.20.1
\linespacing=\dimen102
\normalparindent=\dimen103
\normaltopskip=\skip41
(/usr/share/texlive/texmf-dist/tex/latex/amsmath/amsmath.sty
Package: amsmath 2013/01/14 v2.14 AMS math features
\@mathmargin=\skip42

For additional information on amsmath, use the `?' option.
(/usr/share/texlive/texmf-dist/tex/latex/amsmath/amstext.sty
Package: amstext 2000/06/29 v2.01

(/usr/share/texlive/texmf-dist/tex/latex/amsmath/amsgen.sty
File: amsgen.sty 1999/11/30 v2.0
\@emptytoks=\toks14
\ex@=\dimen104
))
(/usr/share/texlive/texmf-dist/tex/latex/amsmath/amsbsy.sty
Package: amsbsy 1999/11/29 v1.2d
\pmbraise@=\dimen105
)
(/usr/share/texlive/texmf-dist/tex/latex/amsmath/amsopn.sty
Package: amsopn 1999/12/14 v2.01 operator names
)
\inf@bad=\count80
LaTeX Info: Redefining \frac on input line 210.
\uproot@=\count81
\leftroot@=\count82
LaTeX Info: Redefining \overline on input line 306.
\classnum@=\count83
\DOTSCASE@=\count84
LaTeX Info: Redefining \ldots on input line 378.
LaTeX Info: Redefining \dots on input line 381.
LaTeX Info: Redefining \cdots on input line 466.
\Mathstrutbox@=\box26
\strutbox@=\box27
\big@size=\dimen106
LaTeX Font Info:    Redeclaring font encoding OML on input line 566.
LaTeX Font Info:    Redeclaring font encoding OMS on input line 567.
\macc@depth=\count85
\c@MaxMatrixCols=\count86
\dotsspace@=\muskip10
\c@parentequation=\count87
\dspbrk@lvl=\count88
\tag@help=\toks15
\row@=\count89
\column@=\count90
\maxfields@=\count91
\andhelp@=\toks16
\eqnshift@=\dimen107
\alignsep@=\dimen108
\tagshift@=\dimen109
\tagwidth@=\dimen110
\totwidth@=\dimen111
\lineht@=\dimen112
\@envbody=\toks17
\multlinegap=\skip43
\multlinetaggap=\skip44
\mathdisplay@stack=\toks18
LaTeX Info: Redefining \[ on input line 2665.
LaTeX Info: Redefining \] on input line 2666.
)
LaTeX Font Info:    Try loading font information for U+msa on input line 388.

(/usr/share/texlive/texmf-dist/tex/latex/amsfonts/umsa.fd
File: umsa.fd 2013/01/14 v3.01 AMS symbols A
)
(/usr/share/texlive/texmf-dist/tex/latex/amsfonts/amsfonts.sty
Package: amsfonts 2013/01/14 v3.01 Basic AMSFonts support
\symAMSa=\mathgroup4
\symAMSb=\mathgroup5
LaTeX Font Info:    Overwriting math alphabet `\mathfrak' in version `bold'
(Font)                  U/euf/m/n --> U/euf/b/n on input line 106.
)
\copyins=\insert233
\abstractbox=\box28
\listisep=\skip45
\c@part=\count92
\c@section=\count93
\c@subsection=\count94
\c@subsubsection=\count95
\c@paragraph=\count96
\c@subparagraph=\count97
\c@figure=\count98
\c@table=\count99
\abovecaptionskip=\skip46
\belowcaptionskip=\skip47
\captionindent=\dimen113
\thm@style=\toks19
\thm@bodyfont=\toks20
\thm@headfont=\toks21
\thm@notefont=\toks22
\thm@headpunct=\toks23
\thm@preskip=\skip48
\thm@postskip=\skip49
\thm@headsep=\skip50
\dth@everypar=\toks24
)
(/usr/share/texlive/texmf-dist/tex/latex/geometry/geometry.sty
Package: geometry 2010/09/12 v5.6 Page Geometry

(/usr/share/texlive/texmf-dist/tex/latex/graphics/keyval.sty
Package: keyval 2014/05/08 v1.15 key=value parser (DPC)
\KV@toks@=\toks25
)
(/usr/share/texlive/texmf-dist/tex/generic/oberdiek/ifpdf.sty
Package: ifpdf 2011/01/30 v2.3 Provides the ifpdf switch (HO)
Package ifpdf Info: pdfTeX in PDF mode is not detected.
)
(/usr/share/texlive/texmf-dist/tex/generic/oberdiek/ifvtex.sty
Package: ifvtex 2010/03/01 v1.5 Detect VTeX and its facilities (HO)
Package ifvtex Info: VTeX not detected.
)
(/usr/share/texlive/texmf-dist/tex/generic/ifxetex/ifxetex.sty
Package: ifxetex 2010/09/12 v0.6 Provides ifxetex conditional
)
\Gm@cnth=\count100
\Gm@cntv=\count101
\c@Gm@tempcnt=\count102
\Gm@bindingoffset=\dimen114
\Gm@wd@mp=\dimen115
\Gm@odd@mp=\dimen116
\Gm@even@mp=\dimen117
\Gm@layoutwidth=\dimen118
\Gm@layoutheight=\dimen119
\Gm@layouthoffset=\dimen120
\Gm@layoutvoffset=\dimen121
\Gm@dimlist=\toks26
)
(/usr/share/texlive/texmf-dist/tex/generic/babel/babel.sty
Package: babel 2014/09/25 3.9l The Babel package

(/usr/share/texlive/texmf-dist/tex/generic/babel-english/english.ldf
Language: english 2012/08/20 v3.3p English support from the babel system

(/usr/share/texlive/texmf-dist/tex/generic/babel/babel.def
File: babel.def 2014/09/25 3.9l Babel common definitions
\babel@savecnt=\count103
\U@D=\dimen122

(/usr/share/texlive/texmf-dist/tex/generic/babel/xebabel.def))
\l@canadian = a dialect from \language\l@american 
\l@australian = a dialect from \language\l@british 
\l@newzealand = a dialect from \language\l@british 
)
(/usr/share/texlive/texmf-dist/tex/generic/babel-russian/russianb.ldf
Language: russianb 2014/10/21 1.3f Russian support for the Babel system


Package babel Warning: No Cyrillic font encoding has been loaded so far.
(babel)                A font encoding should be declared before babel.
(babel)                Default `EU1' encoding will be loaded  on input line 69.


(/usr/share/texlive/texmf-dist/tex/latex/euenc/eu1enc.def
File: eu1enc.def 2010/05/27 v0.1h Experimental Unicode font encodings
)
Package babel Info: Making " an active character on input line 111.
Package babel Info: \cyrdash is defined on input line 147.
))
(/usr/share/texlive/texmf-dist/tex/latex/fontspec/fontspec.sty
Package: fontspec 2014/06/21 v2.4a Font selection for XeLaTeX and LuaLaTeX

(/usr/share/texlive/texmf-dist/tex/latex/l3kernel/expl3.sty
Package: expl3 2014/09/15 v5423 L3 programming layer (loader) 

(/usr/share/texlive/texmf-dist/tex/latex/l3kernel/expl3-code.tex
Package: expl3 2014/09/15 v5423 L3 programming layer (code) 
L3 Module: l3bootstrap 2014/08/23 v5354 L3 Bootstrap code

(/usr/share/texlive/texmf-dist/tex/latex/etex-pkg/etex.sty
Package: etex 1998/03/26 v2.0 eTeX basic definition package (PEB)
\et@xins=\count104
)
L3 Module: l3names 2014/08/22 v5343 L3 Namespace for primitives
L3 Module: l3basics 2014/08/24 v5364 L3 Basic definitions
L3 Module: l3expan 2014/08/22 v5349 L3 Argument expansion
L3 Module: l3tl 2014/08/24 v5359 L3 Token lists
L3 Module: l3str 2014/08/24 v5368 L3 Strings
L3 Module: l3seq 2014/08/23 v5354 L3 Sequences and stacks
L3 Module: l3int 2014/09/14 v5421 L3 Integers
\c_max_int=\count105
\l_tmpa_int=\count106
\l_tmpb_int=\count107
\g_tmpa_int=\count108
\g_tmpb_int=\count109
L3 Module: l3quark 2014/08/23 v5354 L3 Quarks
L3 Module: l3prg 2014/08/23 v5354 L3 Control structures
\g__prg_map_int=\count110
L3 Module: l3clist 2014/08/23 v5354 L3 Comma separated lists
L3 Module: l3token 2014/09/15 v5422 L3 Experimental token manipulation
L3 Module: l3prop 2014/08/23 v5354 L3 Property lists
L3 Module: l3msg 2014/08/24 v5358 L3 Messages
L3 Module: l3file 2014/08/24 v5369 L3 File and I/O operations
\l_iow_line_count_int=\count111
\l__iow_target_count_int=\count112
\l__iow_current_line_int=\count113
\l__iow_current_word_int=\count114
\l__iow_current_indentation_int=\count115
L3 Module: l3skip 2014/08/23 v5354 L3 Dimensions and skips
\c_zero_dim=\dimen123
\c_max_dim=\dimen124
\l_tmpa_dim=\dimen125
\l_tmpb_dim=\dimen126
\g_tmpa_dim=\dimen127
\g_tmpb_dim=\dimen128
\c_zero_skip=\skip51
\c_max_skip=\skip52
\l_tmpa_skip=\skip53
\l_tmpb_skip=\skip54
\g_tmpa_skip=\skip55
\g_tmpb_skip=\skip56
\c_zero_muskip=\muskip11
\c_max_muskip=\muskip12
\l_tmpa_muskip=\muskip13
\l_tmpb_muskip=\muskip14
\g_tmpa_muskip=\muskip15
\g_tmpb_muskip=\muskip16
L3 Module: l3keys 2014/08/23 v5354 L3 Key-value interfaces
\g__keyval_level_int=\count116
\l_keys_choice_int=\count117
L3 Module: l3fp 2014/08/22 v5336 L3 Floating points
\c__fp_leading_shift_int=\count118
\c__fp_middle_shift_int=\count119
\c__fp_trailing_shift_int=\count120
\c__fp_big_leading_shift_int=\count121
\c__fp_big_middle_shift_int=\count122
\c__fp_big_trailing_shift_int=\count123
\c__fp_Bigg_leading_shift_int=\count124
\c__fp_Bigg_middle_shift_int=\count125
\c__fp_Bigg_trailing_shift_int=\count126
L3 Module: l3box 2014/08/23 v5354 L3 Experimental boxes
\c_empty_box=\box29
\l_tmpa_box=\box30
\l_tmpb_box=\box31
\g_tmpa_box=\box32
\g_tmpb_box=\box33
L3 Module: l3coffins 2014/08/23 v5354 L3 Coffin code layer
\l__coffin_internal_box=\box34
\l__coffin_internal_dim=\dimen129
\l__coffin_offset_x_dim=\dimen130
\l__coffin_offset_y_dim=\dimen131
\l__coffin_x_dim=\dimen132
\l__coffin_y_dim=\dimen133
\l__coffin_x_prime_dim=\dimen134
\l__coffin_y_prime_dim=\dimen135
\c_empty_coffin=\box35
\l__coffin_aligned_coffin=\box36
\l__coffin_aligned_internal_coffin=\box37
\l_tmpa_coffin=\box38
\l_tmpb_coffin=\box39
\l__coffin_display_coffin=\box40
\l__coffin_display_coord_coffin=\box41
\l__coffin_display_pole_coffin=\box42
\l__coffin_display_offset_dim=\dimen136
\l__coffin_display_x_dim=\dimen137
\l__coffin_display_y_dim=\dimen138
L3 Module: l3color 2014/08/23 v5354 L3 Experimental color support
L3 Module: l3candidates 2014/08/24 v5366 L3 Experimental additions to l3kernel
\l__box_top_dim=\dimen139
\l__box_bottom_dim=\dimen140
\l__box_left_dim=\dimen141
\l__box_right_dim=\dimen142
\l__box_top_new_dim=\dimen143
\l__box_bottom_new_dim=\dimen144
\l__box_left_new_dim=\dimen145
\l__box_right_new_dim=\dimen146
\l__box_internal_box=\box43
\l__coffin_bounding_shift_dim=\dimen147
\l__coffin_left_corner_dim=\dimen148
\l__coffin_right_corner_dim=\dimen149
\l__coffin_bottom_corner_dim=\dimen150
\l__coffin_top_corner_dim=\dimen151
\l__coffin_scaled_total_height_dim=\dimen152
\l__coffin_scaled_width_dim=\dimen153
)
(/usr/share/texlive/texmf-dist/tex/latex/l3kernel/l3unicode-data.def
File: l3unicode-data.def 2014/08/12 v5276 L3 Unicode data
)
(/usr/share/texlive/texmf-dist/tex/latex/l3kernel/l3xdvipdfmx.def
File: l3xdvidpfmx.def 2014/08/24 v5366 L3 Experimental driver: xdvipdfmx
))
(/usr/share/texlive/texmf-dist/tex/latex/l3packages/xparse/xparse.sty
Package: xparse 2014/09/15 v5423 L3 Experimental document command parser
\l__xparse_current_arg_int=\count127
\l__xparse_m_args_int=\count128
\l__xparse_mandatory_args_int=\count129
\l__xparse_processor_int=\count130
\l__xparse_v_nesting_int=\count131
)
\l_fontspec_script_int=\count132
\l_fontspec_language_int=\count133
\l_fontspec_strnum_int=\count134
\l__fontspec_tmpa_dim=\dimen154
\l__fontspec_tmpb_dim=\dimen155
\l__fontspec_tmpc_dim=\dimen156
Variant \tl_gset:cV already defined; not changing it on line 71

(/usr/share/texlive/texmf-dist/tex/latex/fontspec/fontspec-patches.sty
Package: fontspec-patches 2014/06/21 v2.4a Font selection for XeLaTeX and LuaLa
TeX
LaTeX Info: Redefining \em on input line 38.
LaTeX Info: Redefining \emph on input line 46.
LaTeX Info: Redefining \- on input line 49.
.................................................
. LaTeX info: "xparse/redefine-command"
. 
. Redefining command \oldstylenums with sig. 'm' on line 144.
.................................................
.................................................
. LaTeX info: "xparse/define-command"
. 
. Defining command \liningnums with sig. 'm' on line 148.
.................................................
)
(/usr/share/texlive/texmf-dist/tex/latex/fontspec/fontspec-xetex.sty
Package: fontspec-xetex 2014/06/21 v2.4a Font selection for XeLaTeX and LuaLaTe
X

(/usr/share/texlive/texmf-dist/tex/latex/base/fontenc.sty
Package: fontenc 2005/09/27 v1.99g Standard LaTeX package

(/usr/share/texlive/texmf-dist/tex/latex/euenc/eu1enc.def
File: eu1enc.def 2010/05/27 v0.1h Experimental Unicode font encodings
LaTeX Font Info:    Redeclaring font encoding EU1 on input line 17.
)
LaTeX Font Info:    Try loading font information for EU1+lmr on input line 100.


(/usr/share/texlive/texmf-dist/tex/latex/euenc/eu1lmr.fd
File: eu1lmr.fd 2009/10/30 v1.6 Font defs for Latin Modern
))
(/usr/share/texlive/texmf-dist/tex/xelatex/xunicode/xunicode.sty
File: xunicode.sty 2011/09/09 v0.981 provides access to latin accents and many 
other characters in Unicode lower plane

(/usr/share/texmf/tex/latex/tipa/t3enc.def
File: t3enc.def 2001/12/31 T3 encoding
LaTeX Font Info:    Try loading font information for EU1+lmss on input line 357
.

(/usr/share/texlive/texmf-dist/tex/latex/euenc/eu1lmss.fd
File: eu1lmss.fd 2009/10/30 v1.6 Font defs for Latin Modern
))
\tipaTiiicode=\count135
\tipasavetokens=\toks27
\tipachecktokens=\toks28

(/usr/share/texlive/texmf-dist/tex/latex/graphics/graphicx.sty
Package: graphicx 2014/04/25 v1.0g Enhanced LaTeX Graphics (DPC,SPQR)

(/usr/share/texlive/texmf-dist/tex/latex/graphics/graphics.sty
Package: graphics 2009/02/05 v1.0o Standard LaTeX Graphics (DPC,SPQR)

(/usr/share/texlive/texmf-dist/tex/latex/graphics/trig.sty
Package: trig 1999/03/16 v1.09 sin cos tan (DPC)
)
(/usr/share/texlive/texmf-dist/tex/latex/latexconfig/graphics.cfg
File: graphics.cfg 2010/04/23 v1.9 graphics configuration of TeX Live
)
Package graphics Info: Driver file: xetex.def on input line 91.

(/usr/share/texlive/texmf-dist/tex/xelatex/xetex-def/xetex.def
File: xetex.def 2014/07/25 v4.03 LaTeX color/graphics driver for XeTeX (RRM/JK)

))
\Gin@req@height=\dimen157
\Gin@req@width=\dimen158
))
.................................................
. LaTeX info: "xparse/define-command"
. 
. Defining command \fontspec with sig. 'O{}mO{}' on line 41.
.................................................
.................................................
. LaTeX info: "xparse/define-command"
. 
. Defining command \setmainfont with sig. 'O{}mO{}' on line 47.
.................................................
.................................................
. LaTeX info: "xparse/define-command"
. 
. Defining command \setsansfont with sig. 'O{}mO{}' on line 53.
.................................................
.................................................
. LaTeX info: "xparse/define-command"
. 
. Defining command \setmonofont with sig. 'O{}mO{}' on line 59.
.................................................
.................................................
. LaTeX info: "xparse/define-command"
. 
. Defining command \setmathrm with sig. 'O{}mO{}' on line 68.
.................................................
.................................................
. LaTeX info: "xparse/define-command"
. 
. Defining command \setboldmathrm with sig. 'O{}mO{}' on line 72.
.................................................
.................................................
. LaTeX info: "xparse/define-command"
. 
. Defining command \setmathsf with sig. 'O{}mO{}' on line 76.
.................................................
.................................................
. LaTeX info: "xparse/define-command"
. 
. Defining command \setmathtt with sig. 'O{}mO{}' on line 80.
.................................................
.................................................
. LaTeX info: "xparse/define-command"
. 
. Defining command \newfontfamily with sig. 'mO{}mO{}' on line 99.
.................................................
.................................................
. LaTeX info: "xparse/define-command"
. 
. Defining command \newfontface with sig. 'mO{}mO{}' on line 103.
.................................................
.................................................
. LaTeX info: "xparse/define-command"
. 
. Defining command \defaultfontfeatures with sig. 't+om' on line 112.
.................................................
.................................................
. LaTeX info: "xparse/define-command"
. 
. Defining command \addfontfeatures with sig. 'm' on line 170.
.................................................
.................................................
. LaTeX info: "xparse/define-command"
. 
. Defining command \newfontfeature with sig. 'mm' on line 181.
.................................................
.................................................
. LaTeX info: "xparse/define-command"
. 
. Defining command \newAATfeature with sig. 'mmmm' on line 189.
.................................................
.................................................
. LaTeX info: "xparse/define-command"
. 
. Defining command \newopentypefeature with sig. 'mmm' on line 197.
.................................................
.................................................
. LaTeX info: "xparse/define-command"
. 
. Defining command \aliasfontfeature with sig. 'mm' on line 226.
.................................................
.................................................
. LaTeX info: "xparse/define-command"
. 
. Defining command \aliasfontfeatureoption with sig. 'mmm' on line 228.
.................................................
.................................................
. LaTeX info: "xparse/define-command"
. 
. Defining command \newfontscript with sig. 'mm' on line 233.
.................................................
.................................................
. LaTeX info: "xparse/define-command"
. 
. Defining command \newfontlanguage with sig. 'mm' on line 259.
.................................................
.................................................
. LaTeX info: "xparse/define-command"
. 
. Defining command \DeclareFontsExtensions with sig. 'm' on line 279.
.................................................
Variant \prop_gput:cnV already defined; not changing it on line 662
Variant \prop_gput:cnx already defined; not changing it on line 663
\l__fontspec_tmp_int=\count136
LaTeX Info: Redefining \itshape on input line 2193.
LaTeX Info: Redefining \slshape on input line 2198.
LaTeX Info: Redefining \scshape on input line 2203.
LaTeX Info: Redefining \upshape on input line 2208.

(/usr/share/texlive/texmf-dist/tex/latex/fontspec/fontspec.cfg)))
\g__file_internal_ior=\read1
\g__fontspec_family_CMUSerif_int=\count137
.................................................
. fontspec info: "defining-font"
. 
. Font family 'CMUSerif(0)' created for font 'CMU Serif' with options
. [Ligatures=TeX].
. 
. This font family consists of the following shapes:
. 
. * 'normal' with NFSS spec.:
. <->"CMU Serif/OT:script=latn;language=DFLT;mapping=tex-text;"
. 
. * 'small caps' with NFSS spec.:
. <->"CMU Serif/OT:script=latn;language=DFLT;mapping=tex-text;+smcp;"
. and font adjustment code:
. 
. 
. * 'bold' with NFSS spec.:
. <->"CMU Serif/B/OT:script=latn;language=DFLT;mapping=tex-text;"
. 
. * 'bold small caps' with NFSS spec.:
. <->"CMU Serif/B/OT:script=latn;language=DFLT;mapping=tex-text;+smcp;"
. and font adjustment code:
. 
. 
. * 'italic' with NFSS spec.:
. <->"CMU Serif/I/OT:script=latn;language=DFLT;mapping=tex-text;"
. 
. * 'small caps' with NFSS spec.:
. 
. and font adjustment code:
. 
. 
. * 'bold italic' with NFSS spec.:
. <->"CMU Serif/BI/OT:script=latn;language=DFLT;mapping=tex-text;"
. 
. * 'bold small caps' with NFSS spec.:
. 
. and font adjustment code:
. 
.................................................

(/usr/share/texlive/texmf-dist/tex/xelatex/xecjk/xeCJK.sty
Package: xeCJK 2014/06/20 v3.2.13 Typesetting CJK scripts with XeLaTeX

(/usr/share/texlive/texmf-dist/tex/latex/l3packages/xtemplate/xtemplate.sty
Package: xtemplate 2014/09/15 v5423 L3 Experimental prototype document function
s
\l__xtemplate_tmp_dim=\dimen159
\l__xtemplate_tmp_int=\count138
\l__xtemplate_tmp_muskip=\muskip17
\l__xtemplate_tmp_skip=\skip57
Variant \prop_get:NoNTF already defined; not changing it on line 106
Variant \prop_get:NoNT already defined; not changing it on line 107
Variant \prop_get:NoNF already defined; not changing it on line 108
)
(/usr/share/texlive/texmf-dist/tex/latex/l3packages/l3keys2e/l3keys2e.sty
Package: l3keys2e 2014/09/15 v5423 LaTeX2e option processing using LaTeX3 keys
)
(/usr/share/texlive/texmf-dist/tex/latex/everypage/everypage.sty
Package: everypage 2007/06/20 1.1 Hooks to run on every page
)
\l__xeCJK_tmp_int=\count139
\l__xeCJK_tmp_box=\box44
\l__xeCJK_tmp_dim=\dimen160
\l__xeCJK_tmp_skip=\skip58
.................................................
. LaTeX info: "xparse/define-command"
. 
. Defining command \xeCJKShipoutHook with sig. '' on line 145.
.................................................
\g__xeCJK_spacefactor_int=\count140
\l__xeCJK_begin_int=\count141
\l__xeCJK_end_int=\count142
.................................................
. LaTeX info: "xparse/define-command"
. 
. Defining command \makexeCJKactive with sig. '' on line 363.
.................................................
.................................................
. LaTeX info: "xparse/define-command"
. 
. Defining command \makexeCJKinactive with sig. '' on line 364.
.................................................
\c__xeCJK_HalfLeft_class_int=\XeTeXintercharclass4
\c__xeCJK_HalfRight_class_int=\XeTeXintercharclass5
\c__xeCJK_NormalSpace_class_int=\XeTeXintercharclass6
\c__xeCJK_IVS_class_int=\XeTeXintercharclass7
.................................................
. LaTeX info: "xparse/define-command"
. 
. Defining command \xeCJKDeclareCharClass with sig. 's>{\TrimSpaces }mm' on
. line 518.
.................................................
.................................................
. LaTeX info: "xparse/define-command"
. 
. Defining command \__xeCJK_set_char_class_aux:Nnw with sig.
. 'm>{\SplitArgument {1}{->}}m' on line 535.
.................................................
.................................................
. LaTeX info: "xparse/define-command"
. 
. Defining command \normalspacedchars with sig. 'm' on line 577.
.................................................
.................................................
. LaTeX info: "xparse/define-command"
. 
. Defining command \xeCJKResetPunctClass with sig. '' on line 584.
.................................................
.................................................
. LaTeX info: "xparse/define-command"
. 
. Defining command \xeCJKResetCharClass with sig. '' on line 591.
.................................................
\c__xeCJK_CJK_node_dim=\dimen161
\c__xeCJK_CJK-space_node_dim=\dimen162
\c__xeCJK_default_node_dim=\dimen163
\c__xeCJK_default-space_node_dim=\dimen164
\c__xeCJK_CJK-nobreak_node_dim=\dimen165
\c__xeCJK_normalspace_node_dim=\dimen166
\l__xeCJK_ccglue_skip=\skip59
\l__xeCJK_ecglue_skip=\skip60
.................................................
. LaTeX info: "xparse/define-command"
. 
. Defining command \xeCJKnobreak with sig. '' on line 1308.
.................................................
.................................................
. LaTeX info: "xparse/define-command"
. 
. Defining command \xeCJKDeclareSubCJKBlock with sig. 's>{\TrimSpaces
. }m>{\TrimSpaces }m' on line 1497.
.................................................
.................................................
. LaTeX info: "xparse/define-command"
. 
. Defining command \xeCJKCancelSubCJKBlock with sig. 'sm' on line 1508.
.................................................
.................................................
. LaTeX info: "xparse/define-command"
. 
. Defining command \xeCJKRestoreSubCJKBlock with sig. 'sm' on line 1517.
.................................................
.................................................
. LaTeX info: "xparse/define-command"
. 
. Defining command \xeCJKsetwidth with sig. 'smm' on line 1615.
.................................................
.................................................
. LaTeX info: "xparse/define-command"
. 
. Defining command \xeCJKsetkern with sig. 'mmm' on line 1619.
.................................................
.................................................
. xtemplate info: "declare-object-type"
. 
. Declaring object type 'xeCJK/punctuation' taking \c_zero  argument(s) on
. line 1720.
.................................................
\l__xeCJK_fixed_punct_width_dim=\dimen167
\l__xeCJK_mixed_punct_width_dim=\dimen168
\l__xeCJK_middle_punct_width_dim=\dimen169
\l__xeCJK_fixed_margin_width_dim=\dimen170
\l__xeCJK_mixed_margin_width_dim=\dimen171
\l__xeCJK_middle_margin_width_dim=\dimen172
\l__xeCJK_bound_punct_width_dim=\dimen173
\l__xeCJK_bound_margin_width_dim=\dimen174
\l__xeCJK_margin_minimum_dim=\dimen175
\l__xeCJK_kerning_total_width_dim=\dimen176
\l__xeCJK_same_align_margin_dim=\dimen177
\l__xeCJK_different_align_margin_dim=\dimen178
\l__xeCJK_kerning_margin_width_dim=\dimen179
\l__xeCJK_kerning_margin_minimum_dim=\dimen180
\l__xeCJK_bound_dim=\dimen181
\l__xeCJK_reverse_bound_dim=\dimen182
.................................................
. LaTeX info: "xparse/define-command"
. 
. Defining command \xeCJKDeclarePunctStyle with sig. '>{\TrimSpaces }mm' on
. line 2205.
.................................................
.................................................
. LaTeX info: "xparse/define-command"
. 
. Defining command \xeCJKEditPunctStyle with sig. '>{\TrimSpaces }mm' on line
. 2218.
.................................................
.................................................
. LaTeX info: "xparse/define-command"
. 
. Defining command \setCJKfallbackfamilyfont with sig. 'mO{}m' on line 2306.
.................................................
\g__xeCJK_family_int=\count143
.................................................
. LaTeX info: "xparse/define-command"
. 
. Defining command \CJKfamily with sig. 't+t-m' on line 2730.
.................................................
.................................................
. LaTeX info: "xparse/define-command"
. 
. Defining command \__xeCJK_gobble_CJKfamily:wn with sig. 't+t-m' on line
. 2744.
.................................................
.................................................
. LaTeX info: "xparse/define-command"
. 
. Defining command \setCJKmainfont with sig. 'O{}m' on line 2794.
.................................................
.................................................
. LaTeX info: "xparse/define-command"
. 
. Defining command \setCJKsansfont with sig. 'O{}m' on line 2800.
.................................................
.................................................
. LaTeX info: "xparse/define-command"
. 
. Defining command \setCJKmonofont with sig. 'O{}m' on line 2805.
.................................................
.................................................
. LaTeX info: "xparse/define-command"
. 
. Defining command \setCJKfamilyfont with sig. 'mO{}m' on line 2812.
.................................................
.................................................
. LaTeX info: "xparse/define-command"
. 
. Defining command \newCJKfontfamily with sig. 'omO{}m' on line 2818.
.................................................
.................................................
. LaTeX info: "xparse/define-command"
. 
. Defining command \CJKfontspec with sig. 'O{}m' on line 2823.
.................................................
.................................................
. LaTeX info: "xparse/define-command"
. 
. Defining command \defaultCJKfontfeatures with sig. 'm' on line 2846.
.................................................
.................................................
. LaTeX info: "xparse/define-command"
. 
. Defining command \addCJKfontfeatures with sig. 'sO{}m' on line 2852.
.................................................
.................................................
. LaTeX info: "xparse/define-command"
. 
. Defining command \setCJKmathfont with sig. 'O{}m' on line 3021.
.................................................
\l__xeCJK_verb_case_int=\count144
.................................................
. LaTeX info: "xparse/define-command"
. 
. Defining command \xeCJKVerbAddon with sig. '' on line 3174.
.................................................
.................................................
. LaTeX info: "xparse/define-command"
. 
. Defining command \xeCJKOffVerbAddon with sig. '' on line 3178.
.................................................
\l__xeCJK_verb_exspace_skip=\skip61

(/usr/share/texlive/texmf-dist/tex/xelatex/xecjk/xunicode-addon.sty
Package: xunicode-addon 2014/06/20 v3.2.13 addon file for xunicode
.................................................
. LaTeX info: "xparse/redefine-command"
. 
. Redefining command \ReloadXunicode with sig. 'm' on line 89.
.................................................
.................................................
. LaTeX info: "xparse/redefine-command"
. 
. Redefining command \DeclareUTFmathsymbols with sig. 'm' on line 124.
.................................................
.................................................
. LaTeX info: "xparse/redefine-command"
. 
. Redefining command \UseMathAsText with sig. '' on line 133.
.................................................
.................................................
. LaTeX info: "xparse/redefine-command"
. 
. Redefining command \UndeclareUTFcharacter with sig. 'O{\UTFencname }mm' on
. line 168.
.................................................
.................................................
. LaTeX info: "xparse/redefine-command"
. 
. Redefining command \UndeclareUTFcomposite with sig. 'O{\UTFencname }mmm' on
. line 175.
.................................................
.................................................
. LaTeX info: "xparse/redefine-command"
. 
. Redefining command \DeclareUTFcharacter with sig. 'O{\UTFencname }mm' on
. line 202.
.................................................
.................................................
. LaTeX info: "xparse/define-command"
. 
. Defining command \DeclareUTFSymbol with sig. 'mO{\UTFencname }m' on line
. 228.
.................................................
.................................................
. LaTeX info: "xparse/define-command"
. 
. Defining command \DeclareUTFCommand with sig. 'mO{\UTFencname }m' on line
. 230.
.................................................
.................................................
. LaTeX info: "xparse/redefine-command"
. 
. Redefining command \DeclareUTFcomposite with sig. 'O{\UTFencname }mmm' on
. line 273.
.................................................
.................................................
. LaTeX info: "xparse/define-command"
. 
. Defining command \DeclareUTFCompositeCommand with sig. 'mO{\UTFencname }mm'
. on line 286.
.................................................
.................................................
. LaTeX info: "xparse/define-command"
. 
. Defining command \DeclareUTFCompositeSymbol with sig. 'mO{\UTFencname }mm'
. on line 291.
.................................................
.................................................
. LaTeX info: "xparse/define-command"
. 
. Defining command \DeclareUTFComposite with sig. 'mO{\UTFencname }' on line
. 293.
.................................................
.................................................
. LaTeX info: "xparse/define-command"
. 
. Defining command \DeclareUTFEncodedAccent with sig. 'mO{\UTFencname }mm' on
. line 295.
.................................................
.................................................
. LaTeX info: "xparse/define-command"
. 
. Defining command \DeclareUTFEncodedAccents with sig. 'mO{\UTFencname }mm' on
. line 297.
.................................................
.................................................
. LaTeX info: "xparse/define-command"
. 
. Defining command \DeclareUTFEncodedSymbol with sig. 'mO{\UTFencname }mm' on
. line 299.
.................................................
.................................................
. LaTeX info: "xparse/define-command"
. 
. Defining command \DeclareUTFEncodedCircle with sig. 'mO{\UTFencname }mm' on
. line 301.
.................................................
.................................................
. LaTeX info: "xparse/redefine-command"
. 
. Redefining command \DeclareEncodedCompositeCharacter with sig. 'mmmm' on
. line 303.
.................................................
.................................................
. LaTeX info: "xparse/redefine-command"
. 
. Redefining command \DeclareEncodedCompositeAccents with sig. 'mmmm' on line
. 305.
.................................................
.................................................
. LaTeX info: "xparse/define-command"
. 
. Defining command \DeclareUTFDoubleEncodedAccent with sig. 'mO{\UTFencname
. }mm' on line 307.
.................................................
.................................................
. LaTeX info: "xparse/define-command"
. 
. Defining command \DeclareUTFDoubleEncodedSymbol with sig. 'mO{\UTFencname
. }mm' on line 309.
.................................................
\l__xunadd_circle_width_dim=\dimen183
\l__xunadd_tmp_coffin=\box45
\l__xunadd_circle_coffin=\box46
.................................................
. LaTeX info: "xparse/define-command"
. 
. Defining command \settextcircledratio with sig. 'm' on line 459.
.................................................
.................................................
. LaTeX info: "xparse/define-command"
. 
. Defining command \AtBeginUTFCommand with sig. 'sO{}+m' on line 528.
.................................................
.................................................
. LaTeX info: "xparse/define-command"
. 
. Defining command \AtEndUTFCommand with sig. 'sO{}+m' on line 538.
.................................................
.................................................
. LaTeX info: "xparse/define-command"
. 
. Defining command \DeclareUTFTIPACommand with sig. 'O{\UTFencname }m' on line
. 570.
.................................................
)
(/usr/share/texlive/texmf-dist/tex/xelatex/xunicode/xunicode.sty
File: xunicode.sty 2011/09/09 v0.981 provides access to latin accents and many 
other characters in Unicode lower plane

*** Reloading Xunicode for encoding 'EU1' ***
) (/usr/share/texlive/texmf-dist/tex/xelatex/xecjk/xunicode-extra.def
File: xunicode-extra.def 2014/06/20 v3.2.13 extra definition for xunicode
)
.................................................
. LaTeX info: "xparse/define-command"
. 
. Defining command \xeCJKsetup with sig. '+m' on line 3477.
.................................................
.................................................
. LaTeX info: "xparse/define-command"
. 
. Defining command \xeCJKsetemboldenfactor with sig. 'm' on line 3479.
.................................................
.................................................
. LaTeX info: "xparse/define-command"
. 
. Defining command \xeCJKsetslantfactor with sig. 'm' on line 3481.
.................................................
.................................................
. LaTeX info: "xparse/define-command"
. 
. Defining command \punctstyle with sig. 'm' on line 3482.
.................................................
.................................................
. LaTeX info: "xparse/define-command"
. 
. Defining command \xeCJKplainchr with sig. '' on line 3483.
.................................................
.................................................
. LaTeX info: "xparse/define-command"
. 
. Defining command \CJKsetecglue with sig. 'm' on line 3484.
.................................................
.................................................
. LaTeX info: "xparse/define-command"
. 
. Defining command \CJKspace with sig. '' on line 3486.
.................................................
.................................................
. LaTeX info: "xparse/define-command"
. 
. Defining command \CJKnospace with sig. '' on line 3487.
.................................................
.................................................
. LaTeX info: "xparse/define-command"
. 
. Defining command \xeCJKallowbreakbetweenpuncts with sig. '' on line 3489.
.................................................
.................................................
. LaTeX info: "xparse/define-command"
. 
. Defining command \xeCJKnobreakbetweenpuncts with sig. '' on line 3491.
.................................................
.................................................
. LaTeX info: "xparse/define-command"
. 
. Defining command \xeCJKenablefallback with sig. '' on line 3493.
.................................................
.................................................
. LaTeX info: "xparse/define-command"
. 
. Defining command \xeCJKdisablefallback with sig. '' on line 3495.
.................................................
.................................................
. LaTeX info: "xparse/define-command"
. 
. Defining command \xeCJKsetcharclass with sig. 'mmm' on line 3500.
.................................................
.................................................
. LaTeX info: "xparse/redefine-command"
. 
. Redefining command \nobreakspace with sig. '' on line 3587.
.................................................
.................................................
. LaTeX info: "xparse/redefine-command"
. 
. Redefining command \fontfamily with sig. 'm' on line 3633.
.................................................

(/usr/share/texlive/texmf-dist/tex/xelatex/xecjk/config/xeCJK.cfg
File: xeCJK.cfg 2014/06/20 v3.2.13 Configuration file for xeCJK package
))
\g__fontspec_family_TakaoMincho_int=\count145
.................................................
. fontspec info: "no-font-shape"
. 
. Could not resolve font TakaoMincho/BI (it probably doesn't exist).
.................................................
.................................................
. fontspec info: "no-font-shape"
. 
. Could not resolve font TakaoMincho/B (it probably doesn't exist).
.................................................
.................................................
. fontspec info: "no-font-shape"
. 
. Could not resolve font TakaoMincho/I (it probably doesn't exist).
.................................................
.................................................
. fontspec info: "defining-font"
. 
. Font family 'TakaoMincho(0)' created for font 'TakaoMincho' with options
. [Script={CJK}].
. 
. This font family consists of the following shapes:
. 
. * 'normal' with NFSS spec.:
. <->"TakaoMincho/OT:script=hani;language=DFLT;"
. 
. * 'small caps' with NFSS spec.:
. 
. and font adjustment code:
. 
.................................................

(/usr/share/texlive/texmf-dist/tex/latex/braket/braket.sty)
(/usr/share/texlive/texmf-dist/tex/latex/hyperref/hyperref.sty
Package: hyperref 2012/11/06 v6.83m Hypertext links for LaTeX

(/usr/share/texlive/texmf-dist/tex/generic/oberdiek/hobsub-hyperref.sty
Package: hobsub-hyperref 2012/05/28 v1.13 Bundle oberdiek, subset hyperref (HO)


(/usr/share/texlive/texmf-dist/tex/generic/oberdiek/hobsub-generic.sty
Package: hobsub-generic 2012/05/28 v1.13 Bundle oberdiek, subset generic (HO)
Package: hobsub 2012/05/28 v1.13 Construct package bundles (HO)
Package: infwarerr 2010/04/08 v1.3 Providing info/warning/error messages (HO)
Package: ltxcmds 2011/11/09 v1.22 LaTeX kernel commands for general use (HO)
Package: ifluatex 2010/03/01 v1.3 Provides the ifluatex switch (HO)
Package ifluatex Info: LuaTeX not detected.
Package hobsub Info: Skipping package `ifvtex' (already loaded).
Package: intcalc 2007/09/27 v1.1 Expandable calculations with integers (HO)
Package hobsub Info: Skipping package `ifpdf' (already loaded).
Package: etexcmds 2011/02/16 v1.5 Avoid name clashes with e-TeX commands (HO)
Package etexcmds Info: Could not find \expanded.
(etexcmds)             That can mean that you are not using pdfTeX 1.50 or
(etexcmds)             that some package has redefined \expanded.
(etexcmds)             In the latter case, load this package earlier.
Package: kvsetkeys 2012/04/25 v1.16 Key value parser (HO)
Package: kvdefinekeys 2011/04/07 v1.3 Define keys (HO)
Package: pdftexcmds 2011/11/29 v0.20 Utility functions of pdfTeX for LuaTeX (HO
)
Package pdftexcmds Info: LuaTeX not detected.
Package pdftexcmds Info: pdfTeX >= 1.30 not detected.
Package pdftexcmds Info: \pdf@primitive is available.
Package pdftexcmds Info: \pdf@ifprimitive is available.
Package pdftexcmds Info: \pdfdraftmode not found.
Package: pdfescape 2011/11/25 v1.13 Implements pdfTeX's escape features (HO)
Package: bigintcalc 2012/04/08 v1.3 Expandable calculations on big integers (HO
)
Package: bitset 2011/01/30 v1.1 Handle bit-vector datatype (HO)
Package: uniquecounter 2011/01/30 v1.2 Provide unlimited unique counter (HO)
)
Package hobsub Info: Skipping package `hobsub' (already loaded).
Package: letltxmacro 2010/09/02 v1.4 Let assignment for LaTeX macros (HO)
Package: hopatch 2012/05/28 v1.2 Wrapper for package hooks (HO)
Package: xcolor-patch 2011/01/30 xcolor patch
Package: atveryend 2011/06/30 v1.8 Hooks at the very end of document (HO)
Package atveryend Info: \enddocument detected (standard20110627).
Package: atbegshi 2011/10/05 v1.16 At begin shipout hook (HO)
Package: refcount 2011/10/16 v3.4 Data extraction from label references (HO)
Package: hycolor 2011/01/30 v1.7 Color options for hyperref/bookmark (HO)
)
(/usr/share/texlive/texmf-dist/tex/latex/oberdiek/auxhook.sty
Package: auxhook 2011/03/04 v1.3 Hooks for auxiliary files (HO)
)
(/usr/share/texlive/texmf-dist/tex/latex/oberdiek/kvoptions.sty
Package: kvoptions 2011/06/30 v3.11 Key value format for package options (HO)
)
\@linkdim=\dimen184
\Hy@linkcounter=\count146
\Hy@pagecounter=\count147

(/usr/share/texlive/texmf-dist/tex/latex/hyperref/pd1enc.def
File: pd1enc.def 2012/11/06 v6.83m Hyperref: PDFDocEncoding definition (HO)
)
\Hy@SavedSpaceFactor=\count148
Package hyperref Info: Option `unicode' set `true' on input line 3411.

(/usr/share/texlive/texmf-dist/tex/latex/hyperref/puenc.def
File: puenc.def 2012/11/06 v6.83m Hyperref: PDF Unicode definition (HO)
)
(/usr/share/texlive/texmf-dist/tex/latex/latexconfig/hyperref.cfg
File: hyperref.cfg 2002/06/06 v1.2 hyperref configuration of TeXLive
)
Package hyperref Info: Hyper figures OFF on input line 4443.
Package hyperref Info: Link nesting OFF on input line 4448.
Package hyperref Info: Hyper index ON on input line 4451.
Package hyperref Info: Plain pages OFF on input line 4458.
Package hyperref Info: Backreferencing OFF on input line 4463.
Package hyperref Info: Implicit mode ON; LaTeX internals redefined.
Package hyperref Info: Bookmarks ON on input line 4688.
\c@Hy@tempcnt=\count149

(/usr/share/texlive/texmf-dist/tex/latex/url/url.sty
\Urlmuskip=\muskip18
Package: url 2013/09/16  ver 3.4  Verb mode for urls, etc.
)
LaTeX Info: Redefining \url on input line 5041.
\XeTeXLinkMargin=\dimen185
\Fld@menulength=\count150
\Field@Width=\dimen186
\Fld@charsize=\dimen187
Package hyperref Info: Hyper figures OFF on input line 6295.
Package hyperref Info: Link nesting OFF on input line 6300.
Package hyperref Info: Hyper index ON on input line 6303.
Package hyperref Info: backreferencing OFF on input line 6310.
Package hyperref Info: Link coloring OFF on input line 6315.
Package hyperref Info: Link coloring with OCG OFF on input line 6320.
Package hyperref Info: PDF/A mode OFF on input line 6325.
LaTeX Info: Redefining \ref on input line 6365.
LaTeX Info: Redefining \pageref on input line 6369.
\Hy@abspage=\count151
\c@Item=\count152
\c@Hfootnote=\count153
)

Package hyperref Message: Driver (autodetected): hxetex.

(/usr/share/texlive/texmf-dist/tex/latex/hyperref/hxetex.def
File: hxetex.def 2012/11/06 v6.83m Hyperref driver for XeTeX

(/usr/share/texlive/texmf-dist/tex/generic/oberdiek/stringenc.sty
Package: stringenc 2011/12/02 v1.10 Convert strings between diff. encodings (HO
)
)
\pdfm@box=\box47
\c@Hy@AnnotLevel=\count154
\HyField@AnnotCount=\count155
\Fld@listcount=\count156
\c@bookmark@seq@number=\count157

(/usr/share/texlive/texmf-dist/tex/latex/oberdiek/rerunfilecheck.sty
Package: rerunfilecheck 2011/04/15 v1.7 Rerun checks for auxiliary files (HO)
Package rerunfilecheck Info: Feature \pdfmdfivesum is not available
(rerunfilecheck)             (e.g. pdfTeX or LuaTeX with package `pdftexcmds').

(rerunfilecheck)             Therefore file contents cannot be checked efficien
tly
(rerunfilecheck)             and the loading of the package is aborted.
)
\Hy@SectionHShift=\skip62
)
(./book_utf8.aux)
\openout1 = `book_utf8.aux'.

LaTeX Font Info:    Checking defaults for OML/cmm/m/it on input line 14.
LaTeX Font Info:    ... okay on input line 14.
LaTeX Font Info:    Checking defaults for T1/cmr/m/n on input line 14.
LaTeX Font Info:    ... okay on input line 14.
LaTeX Font Info:    Checking defaults for OT1/cmr/m/n on input line 14.
LaTeX Font Info:    ... okay on input line 14.
LaTeX Font Info:    Checking defaults for OMS/cmsy/m/n on input line 14.
LaTeX Font Info:    ... okay on input line 14.
LaTeX Font Info:    Checking defaults for OMX/cmex/m/n on input line 14.
LaTeX Font Info:    ... okay on input line 14.
LaTeX Font Info:    Checking defaults for U/cmr/m/n on input line 14.
LaTeX Font Info:    ... okay on input line 14.
LaTeX Font Info:    Checking defaults for EU1/lmr/m/n on input line 14.
LaTeX Font Info:    ... okay on input line 14.
LaTeX Font Info:    Checking defaults for T3/cmr/m/n on input line 14.
LaTeX Font Info:    Try loading font information for T3+cmr on input line 14.
 (/usr/share/texmf/tex/latex/tipa/t3cmr.fd
File: t3cmr.fd 2001/12/31 TIPA font definitions
)
LaTeX Font Info:    ... okay on input line 14.
LaTeX Font Info:    Checking defaults for PD1/pdf/m/n on input line 14.
LaTeX Font Info:    ... okay on input line 14.
LaTeX Font Info:    Checking defaults for PU/pdf/m/n on input line 14.
LaTeX Font Info:    ... okay on input line 14.
LaTeX Font Info:    Try loading font information for U+msa on input line 14.

(/usr/share/texlive/texmf-dist/tex/latex/amsfonts/umsa.fd
File: umsa.fd 2013/01/14 v3.01 AMS symbols A
)
LaTeX Font Info:    Try loading font information for U+msb on input line 14.

(/usr/share/texlive/texmf-dist/tex/latex/amsfonts/umsb.fd
File: umsb.fd 2013/01/14 v3.01 AMS symbols B
)
*geometry* driver: auto-detecting
*geometry* detected driver: xetex
*geometry* verbose mode - [ preamble ] result:
* driver: xetex
* paper: a4paper
* layout: <same size as paper>
* layoutoffset:(h,v)=(0.0pt,0.0pt)
* modes: 
* h-part:(L,W,R)=(31.2982pt, 534.91147pt, 31.2982pt)
* v-part:(T,H,B)=(56.9055pt, 759.6886pt, 28.45274pt)
* \paperwidth=597.50787pt
* \paperheight=845.04684pt
* \textwidth=534.91147pt
* \textheight=759.6886pt
* \oddsidemargin=-40.97179pt
* \evensidemargin=-40.97179pt
* \topmargin=-37.36449pt
* \headheight=8.0pt
* \headsep=14.0pt
* \topskip=10.0pt
* \footskip=12.0pt
* \marginparwidth=90.0pt
* \marginparsep=11.0pt
* \columnsep=10.0pt
* \skip\footins=7.0pt plus 11.0pt
* \hoffset=0.0pt
* \voffset=0.0pt
* \mag=1000
* \@twocolumnfalse
* \@twosidefalse
* \@mparswitchfalse
* \@reversemarginfalse
* (1in=72.27pt=25.4mm, 1cm=28.453pt)

.................................................
. fontspec info: "setup-math"
. 
. Adjusting the maths setup (use [no-math] to avoid this).
.................................................
\symlegacymaths=\mathgroup6
LaTeX Font Info:    Overwriting symbol font `legacymaths' in version `bold'
(Font)                  OT1/cmr/m/n --> OT1/cmr/bx/n on input line 14.
LaTeX Font Info:    Redeclaring math accent \acute on input line 14.
LaTeX Font Info:    Redeclaring math accent \grave on input line 14.
LaTeX Font Info:    Redeclaring math accent \ddot on input line 14.
LaTeX Font Info:    Redeclaring math accent \tilde on input line 14.
LaTeX Font Info:    Redeclaring math accent \bar on input line 14.
LaTeX Font Info:    Redeclaring math accent \breve on input line 14.
LaTeX Font Info:    Redeclaring math accent \check on input line 14.
LaTeX Font Info:    Redeclaring math accent \hat on input line 14.
LaTeX Font Info:    Redeclaring math accent \dot on input line 14.
LaTeX Font Info:    Redeclaring math accent \mathring on input line 14.
LaTeX Font Info:    Redeclaring math symbol \Gamma on input line 14.
LaTeX Font Info:    Redeclaring math symbol \Delta on input line 14.
LaTeX Font Info:    Redeclaring math symbol \Theta on input line 14.
LaTeX Font Info:    Redeclaring math symbol \Lambda on input line 14.
LaTeX Font Info:    Redeclaring math symbol \Xi on input line 14.
LaTeX Font Info:    Redeclaring math symbol \Pi on input line 14.
LaTeX Font Info:    Redeclaring math symbol \Sigma on input line 14.
LaTeX Font Info:    Redeclaring math symbol \Upsilon on input line 14.
LaTeX Font Info:    Redeclaring math symbol \Phi on input line 14.
LaTeX Font Info:    Redeclaring math symbol \Psi on input line 14.
LaTeX Font Info:    Redeclaring math symbol \Omega on input line 14.
LaTeX Font Info:    Redeclaring math symbol \mathdollar on input line 14.
LaTeX Font Info:    Redeclaring symbol font `operators' on input line 14.
LaTeX Font Info:    Encoding `OT1' has changed to `EU1' for symbol font
(Font)              `operators' in the math version `normal' on input line 14.
LaTeX Font Info:    Overwriting symbol font `operators' in version `normal'
(Font)                  OT1/cmr/m/n --> EU1/CMUSerif(0)/m/n on input line 14.
LaTeX Font Info:    Encoding `OT1' has changed to `EU1' for symbol font
(Font)              `operators' in the math version `bold' on input line 14.
LaTeX Font Info:    Overwriting symbol font `operators' in version `bold'
(Font)                  OT1/cmr/bx/n --> EU1/CMUSerif(0)/m/n on input line 14.
LaTeX Font Info:    Overwriting symbol font `operators' in version `normal'
(Font)                  EU1/CMUSerif(0)/m/n --> EU1/CMUSerif(0)/m/n on input li
ne 14.
LaTeX Font Info:    Overwriting math alphabet `\mathit' in version `normal'
(Font)                  OT1/cmr/m/it --> EU1/CMUSerif(0)/m/it on input line 14.

LaTeX Font Info:    Overwriting math alphabet `\mathbf' in version `normal'
(Font)                  OT1/cmr/bx/n --> EU1/CMUSerif(0)/bx/n on input line 14.

LaTeX Font Info:    Overwriting math alphabet `\mathsf' in version `normal'
(Font)                  OT1/cmss/m/n --> EU1/lmss/m/n on input line 14.
LaTeX Font Info:    Overwriting math alphabet `\mathtt' in version `normal'
(Font)                  OT1/cmtt/m/n --> EU1/lmtt/m/n on input line 14.
LaTeX Font Info:    Overwriting symbol font `operators' in version `bold'
(Font)                  EU1/CMUSerif(0)/m/n --> EU1/CMUSerif(0)/bx/n on input l
ine 14.
LaTeX Font Info:    Overwriting math alphabet `\mathit' in version `bold'
(Font)                  OT1/cmr/bx/it --> EU1/CMUSerif(0)/bx/it on input line 1
4.
LaTeX Font Info:    Overwriting math alphabet `\mathsf' in version `bold'
(Font)                  OT1/cmss/bx/n --> EU1/lmss/bx/n on input line 14.
LaTeX Font Info:    Overwriting math alphabet `\mathtt' in version `bold'
(Font)                  OT1/cmtt/m/n --> EU1/lmtt/bx/n on input line 14.
\AtBeginShipoutBox=\box48
Package hyperref Info: Link coloring OFF on input line 14.
(/usr/share/texlive/texmf-dist/tex/latex/hyperref/nameref.sty
Package: nameref 2012/10/27 v2.43 Cross-referencing by name of section

(/usr/share/texlive/texmf-dist/tex/generic/oberdiek/gettitlestring.sty
Package: gettitlestring 2010/12/03 v1.4 Cleanup title references (HO)
)
\c@section@level=\count158
)
LaTeX Info: Redefining \ref on input line 14.
LaTeX Info: Redefining \pageref on input line 14.
LaTeX Info: Redefining \nameref on input line 14.

(./book_utf8.out) (./book_utf8.out)
\@outlinefile=\write3
\openout3 = `book_utf8.out'.

Package babel Info: Redefining russian shorthand "|
(babel)             in language  on input line 23.
Package babel Info: Redefining russian shorthand "~
(babel)             in language  on input line 23.

Underfull \hbox (badness 10000) in paragraph at lines 97--99

 []

Package babel Info: Redefining russian shorthand "|
(babel)             in language  on input line 99.
Package babel Info: Redefining russian shorthand "~
(babel)             in language  on input line 99.
Package babel Info: Redefining russian shorthand "|
(babel)             in language  on input line 99.
Package babel Info: Redefining russian shorthand "~
(babel)             in language  on input line 99.
[1]
Underfull \vbox (badness 10000) has occurred while \output is active []

Package babel Info: Redefining russian shorthand "|
(babel)             in language  on input line 172.
Package babel Info: Redefining russian shorthand "~
(babel)             in language  on input line 172.
Package babel Info: Redefining russian shorthand "|
(babel)             in language  on input line 172.
Package babel Info: Redefining russian shorthand "~
(babel)             in language  on input line 172.
 [2]
Underfull \hbox (badness 10000) in paragraph at lines 187--189

 []


Overfull \hbox (1.51895pt too wide) in paragraph at lines 217--218
\EU1/CMUSerif(0)/m/n/17.28 That is my name. You are Miss Morstan, of course. A
nd these gentlemen
 []


Underfull \hbox (badness 10000) in paragraph at lines 221--223

 []


Underfull \vbox (badness 10000) has occurred while \output is active []

Package babel Info: Redefining russian shorthand "|
(babel)             in language  on input line 228.
Package babel Info: Redefining russian shorthand "~
(babel)             in language  on input line 228.
Package babel Info: Redefining russian shorthand "|
(babel)             in language  on input line 228.
Package babel Info: Redefining russian shorthand "~
(babel)             in language  on input line 228.
 [3]
Underfull \hbox (badness 10000) in paragraph at lines 269--271

 []


Underfull \vbox (badness 10000) has occurred while \output is active []

Package babel Info: Redefining russian shorthand "|
(babel)             in language  on input line 304.
Package babel Info: Redefining russian shorthand "~
(babel)             in language  on input line 304.
Package babel Info: Redefining russian shorthand "|
(babel)             in language  on input line 304.
Package babel Info: Redefining russian shorthand "~
(babel)             in language  on input line 304.
 [4]
Underfull \hbox (badness 10000) in paragraph at lines 313--315

 []


Underfull \hbox (badness 10000) in paragraph at lines 363--365

 []


Underfull \vbox (badness 10000) has occurred while \output is active []

Package babel Info: Redefining russian shorthand "|
(babel)             in language  on input line 365.
Package babel Info: Redefining russian shorthand "~
(babel)             in language  on input line 365.
Package babel Info: Redefining russian shorthand "|
(babel)             in language  on input line 365.
Package babel Info: Redefining russian shorthand "~
(babel)             in language  on input line 365.
 [5]
Underfull \hbox (badness 10000) in paragraph at lines 399--401

 []


Underfull \vbox (badness 10000) has occurred while \output is active []

Package babel Info: Redefining russian shorthand "|
(babel)             in language  on input line 450.
Package babel Info: Redefining russian shorthand "~
(babel)             in language  on input line 450.
Package babel Info: Redefining russian shorthand "|
(babel)             in language  on input line 450.
Package babel Info: Redefining russian shorthand "~
(babel)             in language  on input line 450.
 [6]
Underfull \hbox (badness 10000) in paragraph at lines 487--489

 []


Underfull \vbox (badness 10000) has occurred while \output is active []

Package babel Info: Redefining russian shorthand "|
(babel)             in language  on input line 510.
Package babel Info: Redefining russian shorthand "~
(babel)             in language  on input line 510.
Package babel Info: Redefining russian shorthand "|
(babel)             in language  on input line 510.
Package babel Info: Redefining russian shorthand "~
(babel)             in language  on input line 510.
 [7]
Overfull \hbox (2.2487pt too wide) in paragraph at lines 539--540
[]\EU1/CMUSerif(0)/m/n/17.28 At the best it must take some time,he answered; 
for we shall certainly
 []


Underfull \hbox (badness 10000) in paragraph at lines 547--549

 []


Underfull \vbox (badness 10000) has occurred while \output is active []

Package babel Info: Redefining russian shorthand "|
(babel)             in language  on input line 560.
Package babel Info: Redefining russian shorthand "~
(babel)             in language  on input line 560.
Package babel Info: Redefining russian shorthand "|
(babel)             in language  on input line 560.
Package babel Info: Redefining russian shorthand "~
(babel)             in language  on input line 560.
 [8]
Overfull \hbox (30.15016pt too wide) in paragraph at lines 577--579
[]\EU1/CMUSerif(0)/m/n/17.28 I very well remember the sensation which was caus
ed by the disappearance
 []


Underfull \hbox (badness 10000) in paragraph at lines 577--579

 []


Underfull \hbox (badness 10000) in paragraph at lines 627--629

 []


Underfull \vbox (badness 10000) has occurred while \output is active []

Package babel Info: Redefining russian shorthand "|
(babel)             in language  on input line 629.
Package babel Info: Redefining russian shorthand "~
(babel)             in language  on input line 629.
Package babel Info: Redefining russian shorthand "|
(babel)             in language  on input line 629.
Package babel Info: Redefining russian shorthand "~
(babel)             in language  on input line 629.
 [9]
Underfull \hbox (badness 10000) in paragraph at lines 663--665

 []


Underfull \hbox (badness 10000) in paragraph at lines 691--693

 []


Underfull \vbox (badness 10000) has occurred while \output is active []

Package babel Info: Redefining russian shorthand "|
(babel)             in language  on input line 693.
Package babel Info: Redefining russian shorthand "~
(babel)             in language  on input line 693.
Package babel Info: Redefining russian shorthand "|
(babel)             in language  on input line 693.
Package babel Info: Redefining russian shorthand "~
(babel)             in language  on input line 693.
 [10]
Underfull \hbox (badness 10000) in paragraph at lines 739--741

 []


Underfull \vbox (badness 10000) has occurred while \output is active []

Package babel Info: Redefining russian shorthand "|
(babel)             in language  on input line 764.
Package babel Info: Redefining russian shorthand "~
(babel)             in language  on input line 764.
Package babel Info: Redefining russian shorthand "|
(babel)             in language  on input line 764.
Package babel Info: Redefining russian shorthand "~
(babel)             in language  on input line 764.
 [11]
Underfull \hbox (badness 10000) in paragraph at lines 781--783

 []


Underfull \hbox (badness 10000) in paragraph at lines 815--817

 []


Underfull \vbox (badness 10000) has occurred while \output is active []

Package babel Info: Redefining russian shorthand "|
(babel)             in language  on input line 817.
Package babel Info: Redefining russian shorthand "~
(babel)             in language  on input line 817.
Package babel Info: Redefining russian shorthand "|
(babel)             in language  on input line 817.
Package babel Info: Redefining russian shorthand "~
(babel)             in language  on input line 817.
 [12]
Underfull \hbox (badness 10000) in paragraph at lines 879--881

 []


Underfull \vbox (badness 10000) has occurred while \output is active []

Package babel Info: Redefining russian shorthand "|
(babel)             in language  on input line 881.
Package babel Info: Redefining russian shorthand "~
(babel)             in language  on input line 881.
Package babel Info: Redefining russian shorthand "|
(babel)             in language  on input line 881.
Package babel Info: Redefining russian shorthand "~
(babel)             in language  on input line 881.
 [13]
Underfull \hbox (badness 10000) in paragraph at lines 921--923

 []


Underfull \vbox (badness 10000) has occurred while \output is active []

Package babel Info: Redefining russian shorthand "|
(babel)             in language  on input line 950.
Package babel Info: Redefining russian shorthand "~
(babel)             in language  on input line 950.
Package babel Info: Redefining russian shorthand "|
(babel)             in language  on input line 950.
Package babel Info: Redefining russian shorthand "~
(babel)             in language  on input line 950.
 [14]
Underfull \hbox (badness 10000) in paragraph at lines 977--979

 []


Underfull \vbox (badness 10000) has occurred while \output is active []

Package babel Info: Redefining russian shorthand "|
(babel)             in language  on input line 1016.
Package babel Info: Redefining russian shorthand "~
(babel)             in language  on input line 1016.
Package babel Info: Redefining russian shorthand "|
(babel)             in language  on input line 1016.
Package babel Info: Redefining russian shorthand "~
(babel)             in language  on input line 1016.
 [15]
Overfull \hbox (5.75836pt too wide) in paragraph at lines 1045--1047
\EU1/CMUSerif(0)/m/n/17.28 for a few moments. We had all sat absorbed, listenin
g to his extraordinary
 []


Underfull \hbox (badness 10000) in paragraph at lines 1045--1047

 []


Underfull \vbox (badness 10000) has occurred while \output is active []

Package babel Info: Redefining russian shorthand "|
(babel)             in language  on input line 1084.
Package babel Info: Redefining russian shorthand "~
(babel)             in language  on input line 1084.
Package babel Info: Redefining russian shorthand "|
(babel)             in language  on input line 1084.
Package babel Info: Redefining russian shorthand "~
(babel)             in language  on input line 1084.
 [16]
Underfull \hbox (badness 10000) in paragraph at lines 1101--1103

 []


Underfull \vbox (badness 10000) has occurred while \output is active []

Package babel Info: Redefining russian shorthand "|
(babel)             in language  on input line 1150.
Package babel Info: Redefining russian shorthand "~
(babel)             in language  on input line 1150.
Package babel Info: Redefining russian shorthand "|
(babel)             in language  on input line 1150.
Package babel Info: Redefining russian shorthand "~
(babel)             in language  on input line 1150.
 [17]
Overfull \hbox (14.17188pt too wide) in paragraph at lines 1167--1168
[]\EU1/CMUSerif(0)/m/n/17.28 It was a kindly thought,said our companion earne
stly; it was extremely
 []


Underfull \hbox (badness 10000) in paragraph at lines 1171--1173

 []


Underfull \vbox (badness 10000) has occurred while \output is active []

Package babel Info: Redefining russian shorthand "|
(babel)             in language  on input line 1212.
Package babel Info: Redefining russian shorthand "~
(babel)             in language  on input line 1212.
Package babel Info: Redefining russian shorthand "|
(babel)             in language  on input line 1212.
Package babel Info: Redefining russian shorthand "~
(babel)             in language  on input line 1212.
 [18]
Underfull \hbox (badness 10000) in paragraph at lines 1233--1235

 []


Underfull \hbox (badness 10000) in paragraph at lines 1265--1267

 []


Underfull \vbox (badness 10000) has occurred while \output is active []

Package babel Info: Redefining russian shorthand "|
(babel)             in language  on input line 1270.
Package babel Info: Redefining russian shorthand "~
(babel)             in language  on input line 1270.
Package babel Info: Redefining russian shorthand "|
(babel)             in language  on input line 1270.
Package babel Info: Redefining russian shorthand "~
(babel)             in language  on input line 1270.
 [19]
Underfull \hbox (badness 10000) in paragraph at lines 1331--1333

 []


Underfull \vbox (badness 10000) has occurred while \output is active []

Package babel Info: Redefining russian shorthand "|
(babel)             in language  on input line 1333.
Package babel Info: Redefining russian shorthand "~
(babel)             in language  on input line 1333.
Package babel Info: Redefining russian shorthand "|
(babel)             in language  on input line 1333.
Package babel Info: Redefining russian shorthand "~
(babel)             in language  on input line 1333.
 [20]
Underfull \vbox (badness 10000) has occurred while \output is active []

Package babel Info: Redefining russian shorthand "|
(babel)             in language  on input line 1424.
Package babel Info: Redefining russian shorthand "~
(babel)             in language  on input line 1424.
Package babel Info: Redefining russian shorthand "|
(babel)             in language  on input line 1424.
Package babel Info: Redefining russian shorthand "~
(babel)             in language  on input line 1424.
 [21]
Underfull \hbox (badness 10000) in paragraph at lines 1433--1435

 []

Package babel Info: Redefining russian shorthand "|
(babel)             in language  on input line 1439.
Package babel Info: Redefining russian shorthand "~
(babel)             in language  on input line 1439.
*************************************************
* xeCJK warning: "CJKfamily-Unknown"
* 
* Unknown CJK family `\CJKttdefault' is being ignored.
* 
* Try to use `\setCJKmonofont[...]{...}' to define it.
*************************************************
LaTeX Font Info:    Try loading font information for EU1+lmtt on input line 144
8.
(/usr/share/texlive/texmf-dist/tex/latex/euenc/eu1lmtt.fd
File: eu1lmtt.fd 2009/10/30 v1.6 Font defs for Latin Modern
)
Package atveryend Info: Empty hook `BeforeClearDocument' on input line 1452.
Package babel Info: Redefining russian shorthand "|
(babel)             in language  on input line 1452.
Package babel Info: Redefining russian shorthand "~
(babel)             in language  on input line 1452.
Package babel Info: Redefining russian shorthand "|
(babel)             in language  on input line 1452.
Package babel Info: Redefining russian shorthand "~
(babel)             in language  on input line 1452.
 [22]
Package atveryend Info: Empty hook `AfterLastShipout' on input line 1452.

(./book_utf8.aux)
Package atveryend Info: Empty hook `AtVeryEndDocument' on input line 1452.
Package atveryend Info: Empty hook `AtEndAfterFileList' on input line 1452.
Package atveryend Info: Empty hook `AtVeryVeryEnd' on input line 1452.
 ) 
Here is how much of TeX's memory you used:
 25166 strings out of 494908
 470721 string characters out of 6179203
 528751 words of memory out of 5000000
 28026 multiletter control sequences out of 15000+600000
 7734 words of font info for 54 fonts, out of 8000000 for 9000
 845 hyphenation exceptions out of 8191
 46i,6n,69p,10383b,471s stack positions out of 5000i,500n,10000p,200000b,80000s

Output written on book_utf8.pdf (22 pages).
